app/build/outputs/logs/manifest-merger-debug-report.txt
-- Merging decision tree log ---
manifest
ADDED from src\main\AndroidManifest.xml:17:1-45:12
	package
		ADDED from src\main\AndroidManifest.xml:18:11-48
		INJECTED from src\main\AndroidManifest.xml
		INJECTED from src\main\AndroidManifest.xml
	android:versionName
		ADDED from src\main\AndroidManifest.xml:20:11-36
		INJECTED from src\main\AndroidManifest.xml
		INJECTED from src\main\AndroidManifest.xml
	android:versionCode
		ADDED from src\main\AndroidManifest.xml:19:11-34
		INJECTED from src\main\AndroidManifest.xml
		INJECTED from src\main\AndroidManifest.xml
	xmlns:android
		ADDED from src\main\AndroidManifest.xml:17:11-69
uses-sdk
ADDED from src\main\AndroidManifest.xml:21:5-22:46
MERGED from [com.larswerkman:HoloColorPicker:1.5] AndroidManifest.xml:5:5-7:41
	android:targetSdkVersion
		ADDED from src\main\AndroidManifest.xml:22:15-44
		INJECTED from src\main\AndroidManifest.xml
		INJECTED from src\main\AndroidManifest.xml
	android:minSdkVersion
		ADDED from src\main\AndroidManifest.xml:21:15-41
		INJECTED from src\main\AndroidManifest.xml
		INJECTED from src\main\AndroidManifest.xml
uses-feature#android.hardware.bluetooth_le
ADDED from src\main\AndroidManifest.xml:24:5-89
	android:required
		ADDED from src\main\AndroidManifest.xml:24:64-87
	android:name
		ADDED from src\main\AndroidManifest.xml:24:19-63
uses-feature#android.hardware.bluetooth
ADDED from src\main\AndroidManifest.xml:25:5-62
	android:name
		ADDED from src\main\AndroidManifest.xml:25:19-60
uses-permission#android.permission.BLUETOOTH
ADDED from src\main\AndroidManifest.xml:26:5-67
	android:name
		ADDED from src\main\AndroidManifest.xml:26:22-65
uses-permission#android.permission.BLUETOOTH_ADMIN
ADDED from src\main\AndroidManifest.xml:27:5-73
	android:name
		ADDED from src\main\AndroidManifest.xml:27:22-71
uses-permission#android.permission.BLUETOOTH_PRIVILEGED
ADDED from src\main\AndroidManifest.xml:28:5-78
	android:name
		ADDED from src\main\AndroidManifest.xml:28:22-76
uses-permission#android.permission.ACCESS_COARSE_LOCATION
ADDED from src\main\AndroidManifest.xml:29:5-80
	android:name
		ADDED from src\main\AndroidManifest.xml:29:22-78
uses-permission#android.permission.ACCESS_FINE_LOCATION
ADDED from src\main\AndroidManifest.xml:30:5-78
	android:name
		ADDED from src\main\AndroidManifest.xml:30:22-76
application
ADDED from src\main\AndroidManifest.xml:32:5-44:19
	android:label
		ADDED from src\main\AndroidManifest.xml:32:18-50
	android:icon
		ADDED from src\main\AndroidManifest.xml:33:18-54
	android:theme
		ADDED from src\main\AndroidManifest.xml:34:18-63
activity#com.polkapolka.bluetooth.le.DeviceScanActivity
ADDED from src\main\AndroidManifest.xml:35:9-41:20
	android:label
		ADDED from src\main\AndroidManifest.xml:36:19-51
	android:name
		ADDED from src\main\AndroidManifest.xml:35:19-53
intent-filter#android.intent.action.MAIN+android.intent.category.LAUNCHER
ADDED from src\main\AndroidManifest.xml:37:13-40:29
action#android.intent.action.MAIN
ADDED from src\main\AndroidManifest.xml:38:17-68
	android:name
		ADDED from src\main\AndroidManifest.xml:38:25-66
category#android.intent.category.LAUNCHER
ADDED from src\main\AndroidManifest.xml:39:17-76
	android:name
		ADDED from src\main\AndroidManifest.xml:39:27-74
activity#com.polkapolka.bluetooth.le.DeviceControlActivity
ADDED from src\main\AndroidManifest.xml:42:9-58
	android:name
		ADDED from src\main\AndroidManifest.xml:42:19-56
service#com.polkapolka.bluetooth.le.BluetoothLeService
ADDED from src\main\AndroidManifest.xml:43:9-77
	android:enabled
		ADDED from src\main\AndroidManifest.xml:43:53-75
	android:name
		ADDED from src\main\AndroidManifest.xml:43:18-52